# JRE version: OpenJDK Runtime Environment (11.0.15) (build 11.0.15+0-b2043.56-9505619)
# Java VM: OpenJDK 64-Bit Server VM (11.0.15+0-b2043.56-9505619, mixed mode, tiered, compressed oops, g1 gc, windows-amd64)
Heap:
 garbage-first heap   total 802816K, used 259334K [0x0000000080000000, 0x0000000100000000)
  region size 1024K, 2 young (2048K), 2 survivors (2048K)
 Metaspace       used 145990K, capacity 150672K, committed 150992K, reserved 1181696K
  class space    used 18013K, capacity 19672K, committed 19744K, reserved 1048576K
GC Heap History (20 events):
Event: 2320.410 GC heap after
{Heap after GC invocations=174 (full 0):
 garbage-first heap   total 479232K, used 228328K [0x0000000080000000, 0x0000000100000000)
  region size 1024K, 6 young (6144K), 6 survivors (6144K)
 Metaspace       used 135497K, capacity 139746K, committed 139984K, reserved 1171456K
  class space    used 16505K, capacity 17940K, committed 17952K, reserved 1048576K
}
Event: 2320.455 GC heap before
{Heap before GC invocations=174 (full 0):
 garbage-first heap   total 479232K, used 245736K [0x0000000080000000, 0x0000000100000000)
  region size 1024K, 23 young (23552K), 6 survivors (6144K)
 Metaspace       used 135497K, capacity 139746K, committed 139984K, reserved 1171456K
  class space    used 16505K, capacity 17940K, committed 17952K, reserved 1048576K
}
Event: 2320.461 GC heap after
{Heap after GC invocations=175 (full 0):
 garbage-first heap   total 479232K, used 226919K [0x0000000080000000, 0x0000000100000000)
  region size 1024K, 1 young (1024K), 1 survivors (1024K)
 Metaspace       used 135497K, capacity 139746K, committed 139984K, reserved 1171456K
  class space    used 16505K, capacity 17940K, committed 17952K, reserved 1048576K
}
Event: 2320.881 GC heap before
{Heap before GC invocations=175 (full 0):
 garbage-first heap   total 479232K, used 384615K [0x0000000080000000, 0x0000000100000000)
  region size 1024K, 156 young (159744K), 1 survivors (1024K)
 Metaspace       used 135508K, capacity 139746K, committed 139984K, reserved 1171456K
  class space    used 16505K, capacity 17940K, committed 17952K, reserved 1048576K
}
Event: 2320.888 GC heap after
{Heap after GC invocations=176 (full 0):
 garbage-first heap   total 479232K, used 231152K [0x0000000080000000, 0x0000000100000000)
  region size 1024K, 6 young (6144K), 6 survivors (6144K)
 Metaspace       used 135508K, capacity 139746K, committed 139984K, reserved 1171456K
  class space    used 16505K, capacity 17940K, committed 17952K, reserved 1048576K
}
Event: 2321.911 GC heap before
{Heap before GC invocations=177 (full 0):
 garbage-first heap   total 479232K, used 389872K [0x0000000080000000, 0x0000000100000000)
  region size 1024K, 161 young (164864K), 6 survivors (6144K)
 Metaspace       used 135563K, capacity 139810K, committed 139984K, reserved 1171456K
  class space    used 16505K, capacity 17940K, committed 17952K, reserved 1048576K
}
Event: 2321.921 GC heap after
{Heap after GC invocations=178 (full 0):
 garbage-first heap   total 479232K, used 232885K [0x0000000080000000, 0x0000000100000000)
  region size 1024K, 7 young (7168K), 7 survivors (7168K)
 Metaspace       used 135563K, capacity 139810K, committed 139984K, reserved 1171456K
  class space    used 16505K, capacity 17940K, committed 17952K, reserved 1048576K
}
Event: 2322.150 GC heap before
{Heap before GC invocations=178 (full 0):
 garbage-first heap   total 479232K, used 249269K [0x0000000080000000, 0x0000000100000000)
  region size 1024K, 23 young (23552K), 7 survivors (7168K)
 Metaspace       used 135635K, capacity 139862K, committed 140112K, reserved 1171456K
  class space    used 16516K, capacity 17976K, committed 18080K, reserved 1048576K
}
Event: 2322.168 GC heap after
{Heap after GC invocations=179 (full 0):
 garbage-first heap   total 479232K, used 228052K [0x0000000080000000, 0x0000000100000000)
  region size 1024K, 2 young (2048K), 2 survivors (2048K)
 Metaspace       used 135635K, capacity 139862K, committed 140112K, reserved 1171456K
  class space    used 16516K, capacity 17976K, committed 18080K, reserved 1048576K
}
Event: 2324.512 GC heap before
{Heap before GC invocations=179 (full 0):
 garbage-first heap   total 479232K, used 392916K [0x0000000080000000, 0x0000000100000000)
  region size 1024K, 164 young (167936K), 2 survivors (2048K)
 Metaspace       used 135730K, capacity 140002K, committed 140112K, reserved 1171456K
  class space    used 16520K, capacity 17979K, committed 18080K, reserved 1048576K
}
Event: 2324.606 GC heap after
{Heap after GC invocations=180 (full 0):
 garbage-first heap   total 479232K, used 241029K [0x0000000080000000, 0x0000000100000000)
  region size 1024K, 14 young (14336K), 14 survivors (14336K)
 Metaspace       used 135730K, capacity 140002K, committed 140112K, reserved 1171456K
  class space    used 16520K, capacity 17979K, committed 18080K, reserved 1048576K
}
Event: 2325.432 GC heap before
{Heap before GC invocations=181 (full 0):
 garbage-first heap   total 479232K, used 392581K [0x0000000080000000, 0x0000000100000000)
  region size 1024K, 165 young (168960K), 14 survivors (14336K)
 Metaspace       used 136544K, capacity 140853K, committed 141008K, reserved 1171456K
  class space    used 16623K, capacity 18088K, committed 18208K, reserved 1048576K
}
Event: 2325.591 GC heap after
{Heap after GC invocations=182 (full 0):
 garbage-first heap   total 479232K, used 248583K [0x0000000080000000, 0x0000000100000000)
  region size 1024K, 10 young (10240K), 10 survivors (10240K)
 Metaspace       used 136544K, capacity 140853K, committed 141008K, reserved 1171456K
  class space    used 16623K, capacity 18088K, committed 18208K, reserved 1048576K
}
Event: 2325.618 GC heap before
{Heap before GC invocations=182 (full 0):
 garbage-first heap   total 479232K, used 260871K [0x0000000080000000, 0x0000000100000000)
  region size 1024K, 23 young (23552K), 10 survivors (10240K)
 Metaspace       used 136635K, capacity 140918K, committed 141264K, reserved 1173504K
  class space    used 16628K, capacity 18088K, committed 18208K, reserved 1048576K
}
Event: 2325.721 GC heap after
{Heap after GC invocations=183 (full 0):
 garbage-first heap   total 479232K, used 237958K [0x0000000080000000, 0x0000000100000000)
  region size 1024K, 3 young (3072K), 3 survivors (3072K)
 Metaspace       used 136635K, capacity 140918K, committed 141264K, reserved 1173504K
  class space    used 16628K, capacity 18088K, committed 18208K, reserved 1048576K
}
Event: 2326.257 GC heap before
{Heap before GC invocations=183 (full 0):
 garbage-first heap   total 479232K, used 255366K [0x0000000080000000, 0x0000000100000000)
  region size 1024K, 21 young (21504K), 3 survivors (3072K)
 Metaspace       used 136746K, capacity 141014K, committed 141264K, reserved 1173504K
  class space    used 16650K, capacity 18120K, committed 18208K, reserved 1048576K
}
Event: 2326.270 GC heap after
{Heap after GC invocations=184 (full 0):
 garbage-first heap   total 479232K, used 237217K [0x0000000080000000, 0x0000000100000000)
  region size 1024K, 2 young (2048K), 2 survivors (2048K)
 Metaspace       used 136746K, capacity 141014K, committed 141264K, reserved 1173504K
  class space    used 16650K, capacity 18120K, committed 18208K, reserved 1048576K
}
Event: 2329.887 GC heap before
{Heap before GC invocations=185 (full 0):
 garbage-first heap   total 479232K, used 392865K [0x0000000080000000, 0x0000000100000000)
  region size 1024K, 153 young (156672K), 2 survivors (2048K)
 Metaspace       used 145967K, capacity 150602K, committed 150736K, reserved 1179648K
  class space    used 18010K, capacity 19670K, committed 19744K, reserved 1048576K
}
Event: 2330.074 GC heap after
{Heap after GC invocations=186 (full 0):
 garbage-first heap   total 479232K, used 257889K [0x0000000080000000, 0x0000000100000000)
  region size 1024K, 20 young (20480K), 20 survivors (20480K)
 Metaspace       used 145967K, capacity 150602K, committed 150736K, reserved 1179648K
  class space    used 18010K, capacity 19670K, committed 19744K, reserved 1048576K
}
Event: 2330.083 GC heap before
{Heap before GC invocations=186 (full 0):
 garbage-first heap   total 479232K, used 260961K [0x0000000080000000, 0x0000000100000000)
  region size 1024K, 23 young (23552K), 20 survivors (20480K)
 Metaspace       used 145990K, capacity 150672K, committed 150992K, reserved 1181696K
  class space    used 18013K, capacity 19672K, committed 19744K, reserved 1048576K
}

